<?xml version="1.0" encoding="UTF-8"?>
<!-- Generated by org.testng.reporters.JUnitReportReporter -->
<testsuite hostname="LAPTOP-IIGOD6BU" failures="0" tests="1" name="Drivers.TestNGSimpleTest" time="0.012" errors="0" timestamp="2024-12-28T12:31:34 IST" skipped="0">
  <testcase classname="Drivers.TestNGSimpleTest" name="testAdd" time="0.012"/>
  <system-out/>
</testsuite> <!-- Drivers.TestNGSimpleTest -->
